<?xml version="1.0" encoding="UTF-8"?>
<testsuite name="co2123.hw1.Task3Test" tests="3" skipped="0" failures="0" errors="0" timestamp="2024-11-14T08:12:44" hostname="Mishas-MBP.broadband" time="0.58">
  <properties/>
  <testcase name="greetingGETShouldReturnDefaultMessage()" classname="co2123.hw1.Task3Test" time="0.571"/>
  <testcase name="classesCreated()" classname="co2123.hw1.Task3Test" time="0.002"/>
  <testcase name="greetingPOSTShouldReturnDefaultMessage()" classname="co2123.hw1.Task3Test" time="0.005"/>
  <system-out><![CDATA[08:12:43.318 [Test worker] INFO org.springframework.test.context.support.AnnotationConfigContextLoaderUtils -- Could not detect default configuration classes for test class [co2123.hw1.Task3Test]: Task3Test does not declare any static, non-private, non-final, nested classes annotated with @Configuration.
08:12:43.395 [Test worker] INFO org.springframework.boot.test.context.SpringBootTestContextBootstrapper -- Found @SpringBootConfiguration co2123.hw1.Hw1Application for test class co2123.hw1.Task3Test

  .   ____          _            __ _ _
 /\\ / ___'_ __ _ _(_)_ __  __ _ \ \ \ \
( ( )\___ | '_ | '_| | '_ \/ _` | \ \ \ \
 \\/  ___)| |_)| | | | | || (_| |  ) ) ) )
  '  |____| .__|_| |_|_| |_\__, | / / / /
 =========|_|==============|___/=/_/_/_/

 :: Spring Boot ::                (v3.3.3)

2024-11-14T08:12:43.651Z  INFO 8215 --- [    Test worker] co2123.hw1.Task3Test                     : Starting Task3Test using Java 17.0.12 with PID 8215 (started by mishaahmad in /Users/mishaahmad/Downloads/hw1)
2024-11-14T08:12:43.653Z  INFO 8215 --- [    Test worker] co2123.hw1.Task3Test                     : No active profile set, falling back to 1 default profile: "default"
2024-11-14T08:12:44.482Z  INFO 8215 --- [    Test worker] o.s.b.t.m.w.SpringBootMockServletContext : Initializing Spring TestDispatcherServlet ''
2024-11-14T08:12:44.482Z  INFO 8215 --- [    Test worker] o.s.t.web.servlet.TestDispatcherServlet  : Initializing Servlet ''
2024-11-14T08:12:44.484Z  INFO 8215 --- [    Test worker] o.s.t.web.servlet.TestDispatcherServlet  : Completed initialization in 1 ms
2024-11-14T08:12:44.507Z  INFO 8215 --- [    Test worker] co2123.hw1.Task3Test                     : Started Task3Test in 1.019 seconds (process running for 1.841)

MockHttpServletRequest:
      HTTP Method = GET
      Request URI = /
       Parameters = {}
          Headers = []
             Body = null
    Session Attrs = {}

Handler:
             Type = co2123.hw1.controller.MainController
           Method = co2123.hw1.controller.MainController#start()

Async:
    Async started = false
     Async result = null

Resolved Exception:
             Type = null

ModelAndView:
        View name = start
             View = null
            Model = null

FlashMap:
       Attributes = null

MockHttpServletResponse:
           Status = 200
    Error message = null
          Headers = [Content-Language:"en"]
     Content type = null
             Body = 
    Forwarded URL = /WEB-INF/views/start.jsp
   Redirected URL = null
          Cookies = []

MockHttpServletRequest:
      HTTP Method = POST
      Request URI = /
       Parameters = {}
          Headers = []
             Body = null
    Session Attrs = {}

Handler:
             Type = co2123.hw1.controller.MainController
           Method = co2123.hw1.controller.MainController#start()

Async:
    Async started = false
     Async result = null

Resolved Exception:
             Type = null

ModelAndView:
        View name = start
             View = null
            Model = null

FlashMap:
       Attributes = null

MockHttpServletResponse:
           Status = 200
    Error message = null
          Headers = [Content-Language:"en"]
     Content type = null
             Body = 
    Forwarded URL = /WEB-INF/views/start.jsp
   Redirected URL = null
          Cookies = []
]]></system-out>
  <system-err><![CDATA[]]></system-err>
</testsuite>
